# Logfile created on 2014-07-10 16:58:15 -0700 by logger.rb/31641
I, [2014-07-10T16:58:15.559816 #99745]  INFO -- : 0:  diff-lcs (1.2.5) from /Users/jroush/.rvm/gems/ruby-2.1.0@digitalocean/specifications/diff-lcs-1.2.5.gemspec
I, [2014-07-10T16:58:15.990578 #99745]  INFO -- : 0:  rspec-support (3.0.2) from /Users/jroush/.rvm/gems/ruby-2.1.0@digitalocean/specifications/rspec-support-3.0.2.gemspec
I, [2014-07-10T16:58:16.735014 #99745]  INFO -- : 0:  rspec-core (3.0.2) from /Users/jroush/.rvm/gems/ruby-2.1.0@digitalocean/specifications/rspec-core-3.0.2.gemspec
I, [2014-07-10T16:58:17.387556 #99745]  INFO -- : 0:  rspec-expectations (3.0.2) from /Users/jroush/.rvm/gems/ruby-2.1.0@digitalocean/specifications/rspec-expectations-3.0.2.gemspec
I, [2014-07-10T16:58:18.020710 #99745]  INFO -- : 0:  rspec-mocks (3.0.2) from /Users/jroush/.rvm/gems/ruby-2.1.0@digitalocean/specifications/rspec-mocks-3.0.2.gemspec
I, [2014-07-10T16:58:18.339038 #99745]  INFO -- : 0:  rspec (3.0.0) from /Users/jroush/.rvm/gems/ruby-2.1.0@digitalocean/specifications/rspec-3.0.0.gemspec
I, [2014-07-10T16:58:18.339385 #99745]  INFO -- : 0:  bundler (1.5.1) from /Users/jroush/.rvm/gems/ruby-2.1.0@global/specifications/bundler-1.5.1.gemspec
I, [2014-07-10T17:00:52.036979 #810]  INFO -- : 0:  diff-lcs (1.2.5) from /Users/jroush/.rvm/gems/ruby-2.1.0@maketest/specifications/diff-lcs-1.2.5.gemspec
I, [2014-07-10T17:00:52.856792 #810]  INFO -- : 0:  rspec-support (3.0.2) from /Users/jroush/.rvm/gems/ruby-2.1.0@maketest/specifications/rspec-support-3.0.2.gemspec
I, [2014-07-10T17:00:54.017840 #810]  INFO -- : 0:  rspec-core (3.0.2) from /Users/jroush/.rvm/gems/ruby-2.1.0@maketest/specifications/rspec-core-3.0.2.gemspec
I, [2014-07-10T17:00:55.049829 #810]  INFO -- : 0:  rspec-expectations (3.0.2) from /Users/jroush/.rvm/gems/ruby-2.1.0@maketest/specifications/rspec-expectations-3.0.2.gemspec
I, [2014-07-10T17:00:56.134874 #810]  INFO -- : 0:  rspec-mocks (3.0.2) from /Users/jroush/.rvm/gems/ruby-2.1.0@maketest/specifications/rspec-mocks-3.0.2.gemspec
I, [2014-07-10T17:00:56.858838 #810]  INFO -- : 0:  rspec (3.0.0) from /Users/jroush/.rvm/gems/ruby-2.1.0@maketest/specifications/rspec-3.0.0.gemspec
I, [2014-07-10T17:00:56.859160 #810]  INFO -- : 0:  bundler (1.5.1) from /Users/jroush/.rvm/gems/ruby-2.1.0@global/specifications/bundler-1.5.1.gemspec
I, [2014-07-12T07:22:50.770304 #40099]  INFO -- : 0:  coderay (1.1.0) from /Users/jroush/.rvm/gems/ruby-2.1.0@maketest/specifications/coderay-1.1.0.gemspec
I, [2014-07-12T07:22:50.770933 #40099]  INFO -- : 0:  diff-lcs (1.2.5) from /Users/jroush/.rvm/gems/ruby-2.1.0@maketest/specifications/diff-lcs-1.2.5.gemspec
I, [2014-07-12T07:22:51.095900 #40099]  INFO -- : 0:  method_source (0.8.2) from /Users/jroush/.rvm/gems/ruby-2.1.0@maketest/specifications/method_source-0.8.2.gemspec
I, [2014-07-12T07:22:51.528434 #40099]  INFO -- : 0:  slop (3.5.0) from /Users/jroush/.rvm/gems/ruby-2.1.0@maketest/specifications/slop-3.5.0.gemspec
I, [2014-07-12T07:22:52.020151 #40099]  INFO -- : 0:  pry (0.10.0) from /Users/jroush/.rvm/gems/ruby-2.1.0@maketest/specifications/pry-0.10.0.gemspec
I, [2014-07-12T07:22:52.020508 #40099]  INFO -- : 0:  rspec-support (3.0.2) from /Users/jroush/.rvm/gems/ruby-2.1.0@maketest/specifications/rspec-support-3.0.2.gemspec
I, [2014-07-12T07:22:52.020775 #40099]  INFO -- : 0:  rspec-core (3.0.2) from /Users/jroush/.rvm/gems/ruby-2.1.0@maketest/specifications/rspec-core-3.0.2.gemspec
I, [2014-07-12T07:22:52.021037 #40099]  INFO -- : 0:  rspec-expectations (3.0.2) from /Users/jroush/.rvm/gems/ruby-2.1.0@maketest/specifications/rspec-expectations-3.0.2.gemspec
I, [2014-07-12T07:22:52.021293 #40099]  INFO -- : 0:  rspec-mocks (3.0.2) from /Users/jroush/.rvm/gems/ruby-2.1.0@maketest/specifications/rspec-mocks-3.0.2.gemspec
I, [2014-07-12T07:22:52.021554 #40099]  INFO -- : 0:  rspec (3.0.0) from /Users/jroush/.rvm/gems/ruby-2.1.0@maketest/specifications/rspec-3.0.0.gemspec
I, [2014-07-12T07:22:52.021804 #40099]  INFO -- : 0:  bundler (1.5.1) from /Users/jroush/.rvm/gems/ruby-2.1.0@global/specifications/bundler-1.5.1.gemspec
I, [2014-07-12T07:42:15.415307 #40598]  INFO -- : 0:  i18n (0.6.11) from /Users/jroush/.rvm/gems/ruby-2.1.0@maketest/specifications/i18n-0.6.11.gemspec
I, [2014-07-12T07:42:17.597994 #40598]  INFO -- : 0:  json (1.8.1) from /Users/jroush/.rvm/gems/ruby-2.1.0@maketest/specifications/json-1.8.1.gemspec
I, [2014-07-12T07:42:18.048156 #40598]  INFO -- : 0:  minitest (5.4.0) from /Users/jroush/.rvm/gems/ruby-2.1.0@maketest/specifications/minitest-5.4.0.gemspec
I, [2014-07-12T07:42:18.544054 #40598]  INFO -- : 0:  thread_safe (0.3.4) from /Users/jroush/.rvm/gems/ruby-2.1.0@maketest/specifications/thread_safe-0.3.4.gemspec
I, [2014-07-12T07:42:19.029886 #40598]  INFO -- : 0:  tzinfo (1.2.1) from /Users/jroush/.rvm/gems/ruby-2.1.0@maketest/specifications/tzinfo-1.2.1.gemspec
I, [2014-07-12T07:42:19.659890 #40598]  INFO -- : 0:  activesupport (4.1.4) from /Users/jroush/.rvm/gems/ruby-2.1.0@maketest/specifications/activesupport-4.1.4.gemspec
I, [2014-07-12T07:42:19.660278 #40598]  INFO -- : 0:  coderay (1.1.0) from /Users/jroush/.rvm/gems/ruby-2.1.0@maketest/specifications/coderay-1.1.0.gemspec
I, [2014-07-12T07:42:19.660555 #40598]  INFO -- : 0:  diff-lcs (1.2.5) from /Users/jroush/.rvm/gems/ruby-2.1.0@maketest/specifications/diff-lcs-1.2.5.gemspec
I, [2014-07-12T07:42:19.660825 #40598]  INFO -- : 0:  method_source (0.8.2) from /Users/jroush/.rvm/gems/ruby-2.1.0@maketest/specifications/method_source-0.8.2.gemspec
I, [2014-07-12T07:42:19.661093 #40598]  INFO -- : 0:  slop (3.5.0) from /Users/jroush/.rvm/gems/ruby-2.1.0@maketest/specifications/slop-3.5.0.gemspec
I, [2014-07-12T07:42:19.661355 #40598]  INFO -- : 0:  pry (0.10.0) from /Users/jroush/.rvm/gems/ruby-2.1.0@maketest/specifications/pry-0.10.0.gemspec
I, [2014-07-12T07:42:19.661612 #40598]  INFO -- : 0:  rspec-support (3.0.2) from /Users/jroush/.rvm/gems/ruby-2.1.0@maketest/specifications/rspec-support-3.0.2.gemspec
I, [2014-07-12T07:42:19.661869 #40598]  INFO -- : 0:  rspec-core (3.0.2) from /Users/jroush/.rvm/gems/ruby-2.1.0@maketest/specifications/rspec-core-3.0.2.gemspec
I, [2014-07-12T07:42:19.662127 #40598]  INFO -- : 0:  rspec-expectations (3.0.2) from /Users/jroush/.rvm/gems/ruby-2.1.0@maketest/specifications/rspec-expectations-3.0.2.gemspec
I, [2014-07-12T07:42:19.662381 #40598]  INFO -- : 0:  rspec-mocks (3.0.2) from /Users/jroush/.rvm/gems/ruby-2.1.0@maketest/specifications/rspec-mocks-3.0.2.gemspec
I, [2014-07-12T07:42:19.662631 #40598]  INFO -- : 0:  rspec (3.0.0) from /Users/jroush/.rvm/gems/ruby-2.1.0@maketest/specifications/rspec-3.0.0.gemspec
I, [2014-07-12T07:42:19.662860 #40598]  INFO -- : 0:  bundler (1.5.1) from /Users/jroush/.rvm/gems/ruby-2.1.0@global/specifications/bundler-1.5.1.gemspec
